iMPACT Version: 14.5

iMPACT log file Started on Mon Apr 13 19:42:21 2015

Welcome to iMPACT
iMPACT Version: 14.5
Project: C:\Users\FedeA\Facu\SistemasDigitales\workspace\sistemas-digitales\TP1\tp1\\auto_project.ipf created.
// *** BATCH CMD : setMode -bs
GUI --- Auto connect to cable...
// *** BATCH CMD : setCable -port auto
INFO:iMPACT - Connecting to TCF agent...
INFO:iMPACT - Digilent Plugin: Plugin Version: 2.4.4
INFO:iMPACT - Digilent Plugin: found 1 device(s).
INFO:iMPACT - Digilent Plugin: opening device: "Nexys2", SN:10054D271548
INFO:iMPACT - Digilent Plugin: User Name: Nexys2
INFO:iMPACT - Digilent Plugin: Product Name: Onboard USB
INFO:iMPACT - Digilent Plugin: Serial Number: 10054D271548
INFO:iMPACT - Digilent Plugin: Product ID: 00100005
INFO:iMPACT - Digilent Plugin: Firmware Version: 030A
INFO:iMPACT - Digilent Plugin: JTAG Port Number: 0
INFO:iMPACT - Digilent Plugin: JTAG Clock Frequency: 1600000 Hz
Attempting to identify devices in the boundary-scan chain configuration...
INFO:iMPACT - Current time: 13/04/2015 19:42:28
// *** BATCH CMD : Identify -inferir 
PROGRESS_START - Starting Operation.
Identifying chain contents...'0': : Manufacturer's ID = Xilinx xcf04s, Version : 15
INFO:iMPACT:1777 - 
   Reading C:/Xilinx/14.5/ISE_DS/ISE/xcf/data/xcf04s.bsd...
INFO:iMPACT:501 - '1': Added Device xcf04s successfully.
----------------------------------------------------------------------
'1': : Manufacturer's ID = Xilinx xc3s500e, Version : 4
INFO:iMPACT:1777 - 
   Reading C:/Xilinx/14.5/ISE_DS/ISE/spartan3e/data/xc3s500e.bsd...
INFO:iMPACT:501 - '1': Added Device xc3s500e successfully.
----------------------------------------------------------------------
done.
PROGRESS_END - End Operation.
Elapsed time =      0 sec.
// *** BATCH CMD : identifyMPM 
